2021-10-01 22:08:20 [main] INFO  c.m.t.TwitterToKafkaServiceApplication - Starting TwitterToKafkaServiceApplication using Java 11.0.12 on Mhamads-MacBook-Pro.local with PID 58347 (/Users/mhamadelitawi/IdeaProjects/microservices/twitter-to-kafka-service/target/classes started by mhamadelitawi in /Users/mhamadelitawi/IdeaProjects/microservices)
2021-10-01 22:08:20 [main] INFO  c.m.t.TwitterToKafkaServiceApplication - No active profile set, falling back to default profiles: default
2021-10-01 22:08:20 [main] WARN  o.s.b.w.r.c.AnnotationConfigReactiveWebServerApplicationContext - Exception encountered during context initialization - cancelling refresh attempt: org.springframework.beans.factory.support.BeanDefinitionOverrideException: Invalid bean definition with name 'webClient' defined in class path resource [com/microservices/kafka/admin/config/WebClientConfiguration.class]: Cannot register bean definition [Root bean: class [null]; scope=; abstract=false; lazyInit=null; autowireMode=3; dependencyCheck=0; autowireCandidate=true; primary=false; factoryBeanName=webClientConfiguration; factoryMethodName=webClient; initMethodName=null; destroyMethodName=(inferred); defined in class path resource [com/microservices/kafka/admin/config/WebClientConfiguration.class]] for bean 'webClient': There is already [Root bean: class [null]; scope=; abstract=false; lazyInit=null; autowireMode=3; dependencyCheck=0; autowireCandidate=true; primary=false; factoryBeanName=webClientConfig; factoryMethodName=webClient; initMethodName=null; destroyMethodName=(inferred); defined in class path resource [com/microservices/kafka/admin/config/WebClientConfig.class]] bound.
2021-10-01 22:08:20 [main] INFO  o.s.b.a.l.ConditionEvaluationReportLoggingListener - 

Error starting ApplicationContext. To display the conditions report re-run your application with 'debug' enabled.
2021-10-01 22:08:20 [main] ERROR o.s.b.d.LoggingFailureAnalysisReporter - 

***************************
APPLICATION FAILED TO START
***************************

Description:

The bean 'webClient', defined in class path resource [com/microservices/kafka/admin/config/WebClientConfiguration.class], could not be registered. A bean with that name has already been defined in class path resource [com/microservices/kafka/admin/config/WebClientConfig.class] and overriding is disabled.

Action:

Consider renaming one of the beans or enabling overriding by setting spring.main.allow-bean-definition-overriding=true

2021-10-01 22:08:45 [main] INFO  c.m.t.TwitterToKafkaServiceApplication - Starting TwitterToKafkaServiceApplication using Java 11.0.12 on Mhamads-MacBook-Pro.local with PID 58356 (/Users/mhamadelitawi/IdeaProjects/microservices/twitter-to-kafka-service/target/classes started by mhamadelitawi in /Users/mhamadelitawi/IdeaProjects/microservices)
2021-10-01 22:08:45 [main] INFO  c.m.t.TwitterToKafkaServiceApplication - No active profile set, falling back to default profiles: default
2021-10-01 22:08:46 [main] WARN  o.s.b.w.r.c.AnnotationConfigReactiveWebServerApplicationContext - Exception encountered during context initialization - cancelling refresh attempt: org.springframework.beans.factory.support.BeanDefinitionOverrideException: Invalid bean definition with name 'webClient' defined in class path resource [com/microservices/kafka/admin/config/WebClientConfiguration.class]: Cannot register bean definition [Root bean: class [null]; scope=; abstract=false; lazyInit=null; autowireMode=3; dependencyCheck=0; autowireCandidate=true; primary=false; factoryBeanName=webClientConfiguration; factoryMethodName=webClient; initMethodName=null; destroyMethodName=(inferred); defined in class path resource [com/microservices/kafka/admin/config/WebClientConfiguration.class]] for bean 'webClient': There is already [Root bean: class [null]; scope=; abstract=false; lazyInit=null; autowireMode=3; dependencyCheck=0; autowireCandidate=true; primary=false; factoryBeanName=webClientConfig; factoryMethodName=webClient; initMethodName=null; destroyMethodName=(inferred); defined in class path resource [com/microservices/kafka/admin/config/WebClientConfig.class]] bound.
2021-10-01 22:08:46 [main] INFO  o.s.b.a.l.ConditionEvaluationReportLoggingListener - 

Error starting ApplicationContext. To display the conditions report re-run your application with 'debug' enabled.
2021-10-01 22:08:46 [main] ERROR o.s.b.d.LoggingFailureAnalysisReporter - 

***************************
APPLICATION FAILED TO START
***************************

Description:

The bean 'webClient', defined in class path resource [com/microservices/kafka/admin/config/WebClientConfiguration.class], could not be registered. A bean with that name has already been defined in class path resource [com/microservices/kafka/admin/config/WebClientConfig.class] and overriding is disabled.

Action:

Consider renaming one of the beans or enabling overriding by setting spring.main.allow-bean-definition-overriding=true

2021-10-01 22:10:19 [main] INFO  c.m.t.TwitterToKafkaServiceApplication - Starting TwitterToKafkaServiceApplication using Java 11.0.12 on Mhamads-MacBook-Pro.local with PID 58388 (/Users/mhamadelitawi/IdeaProjects/microservices/twitter-to-kafka-service/target/classes started by mhamadelitawi in /Users/mhamadelitawi/IdeaProjects/microservices)
2021-10-01 22:10:19 [main] INFO  c.m.t.TwitterToKafkaServiceApplication - No active profile set, falling back to default profiles: default
2021-10-01 22:10:20 [main] WARN  o.s.b.w.r.c.AnnotationConfigReactiveWebServerApplicationContext - Exception encountered during context initialization - cancelling refresh attempt: org.springframework.beans.factory.support.BeanDefinitionOverrideException: Invalid bean definition with name 'webClient' defined in class path resource [com/microservices/kafka/admin/config/WebClientConfiguration.class]: Cannot register bean definition [Root bean: class [null]; scope=; abstract=false; lazyInit=null; autowireMode=3; dependencyCheck=0; autowireCandidate=true; primary=false; factoryBeanName=webClientConfiguration; factoryMethodName=webClient; initMethodName=null; destroyMethodName=(inferred); defined in class path resource [com/microservices/kafka/admin/config/WebClientConfiguration.class]] for bean 'webClient': There is already [Root bean: class [null]; scope=; abstract=false; lazyInit=null; autowireMode=3; dependencyCheck=0; autowireCandidate=true; primary=false; factoryBeanName=webClientConfig; factoryMethodName=webClient; initMethodName=null; destroyMethodName=(inferred); defined in class path resource [com/microservices/kafka/admin/config/WebClientConfig.class]] bound.
2021-10-01 22:10:20 [main] INFO  o.s.b.a.l.ConditionEvaluationReportLoggingListener - 

Error starting ApplicationContext. To display the conditions report re-run your application with 'debug' enabled.
2021-10-01 22:10:20 [main] ERROR o.s.b.d.LoggingFailureAnalysisReporter - 

***************************
APPLICATION FAILED TO START
***************************

Description:

The bean 'webClient', defined in class path resource [com/microservices/kafka/admin/config/WebClientConfiguration.class], could not be registered. A bean with that name has already been defined in class path resource [com/microservices/kafka/admin/config/WebClientConfig.class] and overriding is disabled.

Action:

Consider renaming one of the beans or enabling overriding by setting spring.main.allow-bean-definition-overriding=true

2021-10-01 22:42:54 [main] INFO  c.m.t.TwitterToKafkaServiceApplication - Starting TwitterToKafkaServiceApplication using Java 11.0.12 on Mhamads-MacBook-Pro.local with PID 869 (/Users/mhamadelitawi/IdeaProjects/microservices/twitter-to-kafka-service/target/classes started by mhamadelitawi in /Users/mhamadelitawi/IdeaProjects/microservices)
2021-10-01 22:42:54 [main] INFO  c.m.t.TwitterToKafkaServiceApplication - No active profile set, falling back to default profiles: default
2021-10-01 22:42:54 [main] WARN  o.s.b.w.r.c.AnnotationConfigReactiveWebServerApplicationContext - Exception encountered during context initialization - cancelling refresh attempt: org.springframework.beans.factory.BeanCreationException: Error creating bean with name 'org.springframework.aop.config.internalAutoProxyCreator': Initialization of bean failed; nested exception is java.lang.NoClassDefFoundError: org/aspectj/lang/annotation/Pointcut
2021-10-01 22:42:54 [main] INFO  o.s.b.a.l.ConditionEvaluationReportLoggingListener - 

Error starting ApplicationContext. To display the conditions report re-run your application with 'debug' enabled.
2021-10-01 22:42:55 [main] ERROR o.s.boot.SpringApplication - Application run failed
org.springframework.beans.factory.BeanCreationException: Error creating bean with name 'org.springframework.aop.config.internalAutoProxyCreator': Initialization of bean failed; nested exception is java.lang.NoClassDefFoundError: org/aspectj/lang/annotation/Pointcut
	at org.springframework.beans.factory.support.AbstractAutowireCapableBeanFactory.doCreateBean(AbstractAutowireCapableBeanFactory.java:628)
	at org.springframework.beans.factory.support.AbstractAutowireCapableBeanFactory.createBean(AbstractAutowireCapableBeanFactory.java:542)
	at org.springframework.beans.factory.support.AbstractBeanFactory.lambda$doGetBean$0(AbstractBeanFactory.java:335)
	at org.springframework.beans.factory.support.DefaultSingletonBeanRegistry.getSingleton(DefaultSingletonBeanRegistry.java:234)
	at org.springframework.beans.factory.support.AbstractBeanFactory.doGetBean(AbstractBeanFactory.java:333)
	at org.springframework.beans.factory.support.AbstractBeanFactory.getBean(AbstractBeanFactory.java:213)
	at org.springframework.context.support.PostProcessorRegistrationDelegate.registerBeanPostProcessors(PostProcessorRegistrationDelegate.java:258)
	at org.springframework.context.support.AbstractApplicationContext.registerBeanPostProcessors(AbstractApplicationContext.java:762)
	at org.springframework.context.support.AbstractApplicationContext.refresh(AbstractApplicationContext.java:567)
	at org.springframework.boot.web.reactive.context.ReactiveWebServerApplicationContext.refresh(ReactiveWebServerApplicationContext.java:64)
	at org.springframework.boot.SpringApplication.refresh(SpringApplication.java:754)
	at org.springframework.boot.SpringApplication.refreshContext(SpringApplication.java:434)
	at org.springframework.boot.SpringApplication.run(SpringApplication.java:338)
	at org.springframework.boot.SpringApplication.run(SpringApplication.java:1343)
	at org.springframework.boot.SpringApplication.run(SpringApplication.java:1332)
	at com.microservices.twitterToKafka.TwitterToKafkaServiceApplication.main(TwitterToKafkaServiceApplication.java:30)
Caused by: java.lang.NoClassDefFoundError: org/aspectj/lang/annotation/Pointcut
	at org.springframework.aop.aspectj.annotation.AbstractAspectJAdvisorFactory.<clinit>(AbstractAspectJAdvisorFactory.java:62)
	at org.springframework.aop.aspectj.annotation.AnnotationAwareAspectJAutoProxyCreator.initBeanFactory(AnnotationAwareAspectJAutoProxyCreator.java:82)
	at org.springframework.aop.framework.autoproxy.AbstractAdvisorAutoProxyCreator.setBeanFactory(AbstractAdvisorAutoProxyCreator.java:65)
	at org.springframework.beans.factory.support.AbstractAutowireCapableBeanFactory.invokeAwareMethods(AbstractAutowireCapableBeanFactory.java:1826)
	at org.springframework.beans.factory.support.AbstractAutowireCapableBeanFactory.initializeBean(AbstractAutowireCapableBeanFactory.java:1791)
	at org.springframework.beans.factory.support.AbstractAutowireCapableBeanFactory.doCreateBean(AbstractAutowireCapableBeanFactory.java:620)
	... 15 common frames omitted
Caused by: java.lang.ClassNotFoundException: org.aspectj.lang.annotation.Pointcut
	at java.base/jdk.internal.loader.BuiltinClassLoader.loadClass(BuiltinClassLoader.java:581)
	at java.base/jdk.internal.loader.ClassLoaders$AppClassLoader.loadClass(ClassLoaders.java:178)
	at java.base/java.lang.ClassLoader.loadClass(ClassLoader.java:521)
	... 21 common frames omitted
2021-10-01 22:50:14 [main] INFO  c.m.t.TwitterToKafkaServiceApplication - Starting TwitterToKafkaServiceApplication using Java 11.0.12 on Mhamads-MacBook-Pro.local with PID 1206 (/Users/mhamadelitawi/IdeaProjects/microservices/twitter-to-kafka-service/target/classes started by mhamadelitawi in /Users/mhamadelitawi/IdeaProjects/microservices)
2021-10-01 22:50:14 [main] INFO  c.m.t.TwitterToKafkaServiceApplication - No active profile set, falling back to default profiles: default
2021-10-01 22:50:15 [main] WARN  o.s.b.w.r.c.AnnotationConfigReactiveWebServerApplicationContext - Exception encountered during context initialization - cancelling refresh attempt: org.springframework.beans.factory.BeanCreationException: Error creating bean with name 'org.springframework.aop.config.internalAutoProxyCreator': Initialization of bean failed; nested exception is java.lang.NoClassDefFoundError: org/aspectj/lang/annotation/Pointcut
2021-10-01 22:50:15 [main] INFO  o.s.b.a.l.ConditionEvaluationReportLoggingListener - 

Error starting ApplicationContext. To display the conditions report re-run your application with 'debug' enabled.
2021-10-01 22:50:15 [main] ERROR o.s.boot.SpringApplication - Application run failed
org.springframework.beans.factory.BeanCreationException: Error creating bean with name 'org.springframework.aop.config.internalAutoProxyCreator': Initialization of bean failed; nested exception is java.lang.NoClassDefFoundError: org/aspectj/lang/annotation/Pointcut
	at org.springframework.beans.factory.support.AbstractAutowireCapableBeanFactory.doCreateBean(AbstractAutowireCapableBeanFactory.java:628)
	at org.springframework.beans.factory.support.AbstractAutowireCapableBeanFactory.createBean(AbstractAutowireCapableBeanFactory.java:542)
	at org.springframework.beans.factory.support.AbstractBeanFactory.lambda$doGetBean$0(AbstractBeanFactory.java:335)
	at org.springframework.beans.factory.support.DefaultSingletonBeanRegistry.getSingleton(DefaultSingletonBeanRegistry.java:234)
	at org.springframework.beans.factory.support.AbstractBeanFactory.doGetBean(AbstractBeanFactory.java:333)
	at org.springframework.beans.factory.support.AbstractBeanFactory.getBean(AbstractBeanFactory.java:213)
	at org.springframework.context.support.PostProcessorRegistrationDelegate.registerBeanPostProcessors(PostProcessorRegistrationDelegate.java:258)
	at org.springframework.context.support.AbstractApplicationContext.registerBeanPostProcessors(AbstractApplicationContext.java:762)
	at org.springframework.context.support.AbstractApplicationContext.refresh(AbstractApplicationContext.java:567)
	at org.springframework.boot.web.reactive.context.ReactiveWebServerApplicationContext.refresh(ReactiveWebServerApplicationContext.java:64)
	at org.springframework.boot.SpringApplication.refresh(SpringApplication.java:754)
	at org.springframework.boot.SpringApplication.refreshContext(SpringApplication.java:434)
	at org.springframework.boot.SpringApplication.run(SpringApplication.java:338)
	at org.springframework.boot.SpringApplication.run(SpringApplication.java:1343)
	at org.springframework.boot.SpringApplication.run(SpringApplication.java:1332)
	at com.microservices.twitterToKafka.TwitterToKafkaServiceApplication.main(TwitterToKafkaServiceApplication.java:30)
Caused by: java.lang.NoClassDefFoundError: org/aspectj/lang/annotation/Pointcut
	at org.springframework.aop.aspectj.annotation.AbstractAspectJAdvisorFactory.<clinit>(AbstractAspectJAdvisorFactory.java:62)
	at org.springframework.aop.aspectj.annotation.AnnotationAwareAspectJAutoProxyCreator.initBeanFactory(AnnotationAwareAspectJAutoProxyCreator.java:82)
	at org.springframework.aop.framework.autoproxy.AbstractAdvisorAutoProxyCreator.setBeanFactory(AbstractAdvisorAutoProxyCreator.java:65)
	at org.springframework.beans.factory.support.AbstractAutowireCapableBeanFactory.invokeAwareMethods(AbstractAutowireCapableBeanFactory.java:1826)
	at org.springframework.beans.factory.support.AbstractAutowireCapableBeanFactory.initializeBean(AbstractAutowireCapableBeanFactory.java:1791)
	at org.springframework.beans.factory.support.AbstractAutowireCapableBeanFactory.doCreateBean(AbstractAutowireCapableBeanFactory.java:620)
	... 15 common frames omitted
Caused by: java.lang.ClassNotFoundException: org.aspectj.lang.annotation.Pointcut
	at java.base/jdk.internal.loader.BuiltinClassLoader.loadClass(BuiltinClassLoader.java:581)
	at java.base/jdk.internal.loader.ClassLoaders$AppClassLoader.loadClass(ClassLoaders.java:178)
	at java.base/java.lang.ClassLoader.loadClass(ClassLoader.java:521)
	... 21 common frames omitted
2021-10-01 22:51:45 [main] INFO  c.m.t.TwitterToKafkaServiceApplication - Starting TwitterToKafkaServiceApplication using Java 11.0.12 on Mhamads-MacBook-Pro.local with PID 1238 (/Users/mhamadelitawi/IdeaProjects/microservices/twitter-to-kafka-service/target/classes started by mhamadelitawi in /Users/mhamadelitawi/IdeaProjects/microservices)
2021-10-01 22:51:45 [main] INFO  c.m.t.TwitterToKafkaServiceApplication - No active profile set, falling back to default profiles: default
2021-10-01 22:51:45 [main] WARN  o.s.b.w.r.c.AnnotationConfigReactiveWebServerApplicationContext - Exception encountered during context initialization - cancelling refresh attempt: org.springframework.beans.factory.BeanCreationException: Error creating bean with name 'org.springframework.aop.config.internalAutoProxyCreator': Initialization of bean failed; nested exception is java.lang.NoClassDefFoundError: org/aspectj/lang/annotation/Pointcut
2021-10-01 22:51:45 [main] INFO  o.s.b.a.l.ConditionEvaluationReportLoggingListener - 

Error starting ApplicationContext. To display the conditions report re-run your application with 'debug' enabled.
2021-10-01 22:51:45 [main] ERROR o.s.boot.SpringApplication - Application run failed
org.springframework.beans.factory.BeanCreationException: Error creating bean with name 'org.springframework.aop.config.internalAutoProxyCreator': Initialization of bean failed; nested exception is java.lang.NoClassDefFoundError: org/aspectj/lang/annotation/Pointcut
	at org.springframework.beans.factory.support.AbstractAutowireCapableBeanFactory.doCreateBean(AbstractAutowireCapableBeanFactory.java:628)
	at org.springframework.beans.factory.support.AbstractAutowireCapableBeanFactory.createBean(AbstractAutowireCapableBeanFactory.java:542)
	at org.springframework.beans.factory.support.AbstractBeanFactory.lambda$doGetBean$0(AbstractBeanFactory.java:335)
	at org.springframework.beans.factory.support.DefaultSingletonBeanRegistry.getSingleton(DefaultSingletonBeanRegistry.java:234)
	at org.springframework.beans.factory.support.AbstractBeanFactory.doGetBean(AbstractBeanFactory.java:333)
	at org.springframework.beans.factory.support.AbstractBeanFactory.getBean(AbstractBeanFactory.java:213)
	at org.springframework.context.support.PostProcessorRegistrationDelegate.registerBeanPostProcessors(PostProcessorRegistrationDelegate.java:258)
	at org.springframework.context.support.AbstractApplicationContext.registerBeanPostProcessors(AbstractApplicationContext.java:762)
	at org.springframework.context.support.AbstractApplicationContext.refresh(AbstractApplicationContext.java:567)
	at org.springframework.boot.web.reactive.context.ReactiveWebServerApplicationContext.refresh(ReactiveWebServerApplicationContext.java:64)
	at org.springframework.boot.SpringApplication.refresh(SpringApplication.java:754)
	at org.springframework.boot.SpringApplication.refreshContext(SpringApplication.java:434)
	at org.springframework.boot.SpringApplication.run(SpringApplication.java:338)
	at org.springframework.boot.SpringApplication.run(SpringApplication.java:1343)
	at org.springframework.boot.SpringApplication.run(SpringApplication.java:1332)
	at com.microservices.twitterToKafka.TwitterToKafkaServiceApplication.main(TwitterToKafkaServiceApplication.java:30)
Caused by: java.lang.NoClassDefFoundError: org/aspectj/lang/annotation/Pointcut
	at org.springframework.aop.aspectj.annotation.AbstractAspectJAdvisorFactory.<clinit>(AbstractAspectJAdvisorFactory.java:62)
	at org.springframework.aop.aspectj.annotation.AnnotationAwareAspectJAutoProxyCreator.initBeanFactory(AnnotationAwareAspectJAutoProxyCreator.java:82)
	at org.springframework.aop.framework.autoproxy.AbstractAdvisorAutoProxyCreator.setBeanFactory(AbstractAdvisorAutoProxyCreator.java:65)
	at org.springframework.beans.factory.support.AbstractAutowireCapableBeanFactory.invokeAwareMethods(AbstractAutowireCapableBeanFactory.java:1826)
	at org.springframework.beans.factory.support.AbstractAutowireCapableBeanFactory.initializeBean(AbstractAutowireCapableBeanFactory.java:1791)
	at org.springframework.beans.factory.support.AbstractAutowireCapableBeanFactory.doCreateBean(AbstractAutowireCapableBeanFactory.java:620)
	... 15 common frames omitted
Caused by: java.lang.ClassNotFoundException: org.aspectj.lang.annotation.Pointcut
	at java.base/jdk.internal.loader.BuiltinClassLoader.loadClass(BuiltinClassLoader.java:581)
	at java.base/jdk.internal.loader.ClassLoaders$AppClassLoader.loadClass(ClassLoaders.java:178)
	at java.base/java.lang.ClassLoader.loadClass(ClassLoader.java:521)
	... 21 common frames omitted
