2021-09-30 00:38:34 [main] INFO  c.m.t.TwitterToKafkaServiceApplication - Starting TwitterToKafkaServiceApplication using Java 11.0.12 on Mhamads-MacBook-Pro.local with PID 37445 (/Users/mhamadelitawi/IdeaProjects/microservices/twitter-to-kafka-service/target/classes started by mhamadelitawi in /Users/mhamadelitawi/IdeaProjects/microservices)
2021-09-30 00:38:34 [main] INFO  c.m.t.TwitterToKafkaServiceApplication - No active profile set, falling back to default profiles: default
2021-09-30 00:38:35 [main] INFO  c.m.t.TwitterToKafkaServiceApplication - Started TwitterToKafkaServiceApplication in 6.118 seconds (JVM running for 6.667)
2021-09-30 00:38:35 [main] INFO  c.m.t.TwitterToKafkaServiceApplication - App starts...
2021-09-30 00:38:35 [main] INFO  c.m.t.TwitterToKafkaServiceApplication - [Java, Microservices, Kafka, Elasticsearch]
2021-09-30 00:38:35 [main] INFO  c.m.t.TwitterToKafkaServiceApplication - Hello microservices!
2021-09-30 00:38:35 [Twitter Stream consumer /  [1][initializing]] INFO  twitter4j.TwitterStreamImpl - Establishing connection.
2021-09-30 00:38:35 [main] INFO  c.m.t.r.i.TwitterKafkaStreamRunner - Started filtering twitter stream for keywords [Java, Microservices, Kafka, Elasticsearch]
2021-09-30 00:38:36 [Twitter Stream consumer /  [1][Establishing connection]] INFO  twitter4j.TwitterStreamImpl - 401:Authentication credentials (https://dev.twitter.com/pages/auth) were missing or incorrect. Ensure that you have set valid consumer key/secret, access token/secret, and the system clock is in sync.
<html>\n<head>\n<meta http-equiv="Content-Type" content="text/html; charset=utf-8"/>\n<title>Error 401 Unauthorized</title>
</head>
<body>
<h2>HTTP ERROR: 401</h2>
<p>Problem accessing '/1.1/statuses/filter.json'. Reason:
<pre>    Unauthorized</pre>
</body>
</html>

2021-09-30 00:38:36 [Twitter Stream consumer /  [1][Establishing connection]] INFO  twitter4j.TwitterStreamImpl - Waiting for 10000 milliseconds
2021-09-30 00:38:41 [SpringApplicationShutdownHook] INFO  c.m.t.r.i.TwitterKafkaStreamRunner - Closing twitter stream!
2021-09-30 01:51:22 [main] INFO  c.m.t.TwitterToKafkaServiceApplication - Starting TwitterToKafkaServiceApplication using Java 11.0.12 on Mhamads-MacBook-Pro.local with PID 38281 (/Users/mhamadelitawi/IdeaProjects/microservices/twitter-to-kafka-service/target/classes started by mhamadelitawi in /Users/mhamadelitawi/IdeaProjects/microservices)
2021-09-30 01:51:22 [main] INFO  c.m.t.TwitterToKafkaServiceApplication - No active profile set, falling back to default profiles: default
2021-09-30 01:51:22 [main] INFO  c.m.t.TwitterToKafkaServiceApplication - Started TwitterToKafkaServiceApplication in 5.826 seconds (JVM running for 6.428)
2021-09-30 01:51:22 [main] INFO  c.m.t.TwitterToKafkaServiceApplication - App starts...
2021-09-30 01:51:22 [main] INFO  o.s.b.a.l.ConditionEvaluationReportLoggingListener - 

Error starting ApplicationContext. To display the conditions report re-run your application with 'debug' enabled.
2021-09-30 01:51:22 [main] ERROR o.s.boot.SpringApplication - Application run failed
java.lang.IllegalStateException: Failed to execute CommandLineRunner
	at org.springframework.boot.SpringApplication.callRunner(SpringApplication.java:794)
	at org.springframework.boot.SpringApplication.callRunners(SpringApplication.java:775)
	at org.springframework.boot.SpringApplication.run(SpringApplication.java:345)
	at org.springframework.boot.SpringApplication.run(SpringApplication.java:1343)
	at org.springframework.boot.SpringApplication.run(SpringApplication.java:1332)
	at com.microservices.twitterToKafka.TwitterToKafkaServiceApplication.main(TwitterToKafkaServiceApplication.java:38)
Caused by: java.lang.NullPointerException: null
	at com.microservices.twitterToKafka.TwitterToKafkaServiceApplication.run(TwitterToKafkaServiceApplication.java:44)
	at org.springframework.boot.SpringApplication.callRunner(SpringApplication.java:791)
	... 5 common frames omitted
2021-09-30 01:55:26 [main] INFO  c.m.t.TwitterToKafkaServiceApplication - Starting TwitterToKafkaServiceApplication using Java 11.0.12 on Mhamads-MacBook-Pro.local with PID 38315 (/Users/mhamadelitawi/IdeaProjects/microservices/twitter-to-kafka-service/target/classes started by mhamadelitawi in /Users/mhamadelitawi/IdeaProjects/microservices)
2021-09-30 01:55:26 [main] INFO  c.m.t.TwitterToKafkaServiceApplication - No active profile set, falling back to default profiles: default
2021-09-30 01:55:27 [main] INFO  c.m.t.TwitterToKafkaServiceApplication - Started TwitterToKafkaServiceApplication in 5.866 seconds (JVM running for 6.418)
2021-09-30 01:55:27 [main] INFO  c.m.t.TwitterToKafkaServiceApplication - App starts...
2021-09-30 01:55:27 [main] INFO  o.s.b.a.l.ConditionEvaluationReportLoggingListener - 

Error starting ApplicationContext. To display the conditions report re-run your application with 'debug' enabled.
2021-09-30 01:55:27 [main] ERROR o.s.boot.SpringApplication - Application run failed
java.lang.IllegalStateException: Failed to execute CommandLineRunner
	at org.springframework.boot.SpringApplication.callRunner(SpringApplication.java:794)
	at org.springframework.boot.SpringApplication.callRunners(SpringApplication.java:775)
	at org.springframework.boot.SpringApplication.run(SpringApplication.java:345)
	at org.springframework.boot.SpringApplication.run(SpringApplication.java:1343)
	at org.springframework.boot.SpringApplication.run(SpringApplication.java:1332)
	at com.microservices.twitterToKafka.TwitterToKafkaServiceApplication.main(TwitterToKafkaServiceApplication.java:41)
Caused by: java.lang.NullPointerException: null
	at com.microservices.twitterToKafka.TwitterToKafkaServiceApplication.run(TwitterToKafkaServiceApplication.java:47)
	at org.springframework.boot.SpringApplication.callRunner(SpringApplication.java:791)
	... 5 common frames omitted
2021-09-30 01:55:45 [main] INFO  c.m.t.TwitterToKafkaServiceApplication - Starting TwitterToKafkaServiceApplication using Java 11.0.12 on Mhamads-MacBook-Pro.local with PID 38321 (/Users/mhamadelitawi/IdeaProjects/microservices/twitter-to-kafka-service/target/classes started by mhamadelitawi in /Users/mhamadelitawi/IdeaProjects/microservices)
2021-09-30 01:55:45 [main] INFO  c.m.t.TwitterToKafkaServiceApplication - No active profile set, falling back to default profiles: default
2021-09-30 01:55:46 [main] INFO  c.m.t.TwitterToKafkaServiceApplication - Started TwitterToKafkaServiceApplication in 5.909 seconds (JVM running for 6.451)
2021-09-30 01:55:46 [main] INFO  c.m.t.TwitterToKafkaServiceApplication - App starts...
2021-09-30 01:55:46 [main] INFO  o.s.b.a.l.ConditionEvaluationReportLoggingListener - 

Error starting ApplicationContext. To display the conditions report re-run your application with 'debug' enabled.
2021-09-30 01:55:46 [main] ERROR o.s.boot.SpringApplication - Application run failed
java.lang.IllegalStateException: Failed to execute CommandLineRunner
	at org.springframework.boot.SpringApplication.callRunner(SpringApplication.java:794)
	at org.springframework.boot.SpringApplication.callRunners(SpringApplication.java:775)
	at org.springframework.boot.SpringApplication.run(SpringApplication.java:345)
	at org.springframework.boot.SpringApplication.run(SpringApplication.java:1343)
	at org.springframework.boot.SpringApplication.run(SpringApplication.java:1332)
	at com.microservices.twitterToKafka.TwitterToKafkaServiceApplication.main(TwitterToKafkaServiceApplication.java:41)
Caused by: java.lang.NullPointerException: null
	at com.microservices.twitterToKafka.TwitterToKafkaServiceApplication.run(TwitterToKafkaServiceApplication.java:47)
	at org.springframework.boot.SpringApplication.callRunner(SpringApplication.java:791)
	... 5 common frames omitted
2021-09-30 01:57:24 [main] INFO  c.m.t.TwitterToKafkaServiceApplication - Starting TwitterToKafkaServiceApplication using Java 11.0.12 on Mhamads-MacBook-Pro.local with PID 38335 (/Users/mhamadelitawi/IdeaProjects/microservices/twitter-to-kafka-service/target/classes started by mhamadelitawi in /Users/mhamadelitawi/IdeaProjects/microservices)
2021-09-30 01:57:24 [main] INFO  c.m.t.TwitterToKafkaServiceApplication - No active profile set, falling back to default profiles: default
2021-09-30 01:57:25 [main] INFO  c.m.t.TwitterToKafkaServiceApplication - Started TwitterToKafkaServiceApplication in 5.938 seconds (JVM running for 7.002)
2021-09-30 01:57:25 [main] INFO  c.m.t.TwitterToKafkaServiceApplication - App starts...
2021-09-30 01:58:04 [main] INFO  o.s.b.a.l.ConditionEvaluationReportLoggingListener - 

Error starting ApplicationContext. To display the conditions report re-run your application with 'debug' enabled.
2021-09-30 01:58:04 [main] ERROR o.s.boot.SpringApplication - Application run failed
java.lang.IllegalStateException: Failed to execute CommandLineRunner
	at org.springframework.boot.SpringApplication.callRunner(SpringApplication.java:794)
	at org.springframework.boot.SpringApplication.callRunners(SpringApplication.java:775)
	at org.springframework.boot.SpringApplication.run(SpringApplication.java:345)
	at org.springframework.boot.SpringApplication.run(SpringApplication.java:1343)
	at org.springframework.boot.SpringApplication.run(SpringApplication.java:1332)
	at com.microservices.twitterToKafka.TwitterToKafkaServiceApplication.main(TwitterToKafkaServiceApplication.java:41)
Caused by: java.lang.NullPointerException: null
	at com.microservices.twitterToKafka.TwitterToKafkaServiceApplication.run(TwitterToKafkaServiceApplication.java:47)
	at org.springframework.boot.SpringApplication.callRunner(SpringApplication.java:791)
	... 5 common frames omitted
2021-09-30 02:00:25 [main] INFO  c.m.t.TwitterToKafkaServiceApplication - Starting TwitterToKafkaServiceApplication using Java 11.0.12 on Mhamads-MacBook-Pro.local with PID 38351 (/Users/mhamadelitawi/IdeaProjects/microservices/twitter-to-kafka-service/target/classes started by mhamadelitawi in /Users/mhamadelitawi/IdeaProjects/microservices)
2021-09-30 02:00:25 [main] INFO  c.m.t.TwitterToKafkaServiceApplication - No active profile set, falling back to default profiles: default
2021-09-30 02:00:25 [main] INFO  c.m.t.TwitterToKafkaServiceApplication - Started TwitterToKafkaServiceApplication in 5.895 seconds (JVM running for 6.561)
2021-09-30 02:00:25 [main] INFO  c.m.t.TwitterToKafkaServiceApplication - App starts...
2021-09-30 02:00:40 [main] INFO  o.s.b.a.l.ConditionEvaluationReportLoggingListener - 

Error starting ApplicationContext. To display the conditions report re-run your application with 'debug' enabled.
2021-09-30 02:00:40 [main] ERROR o.s.boot.SpringApplication - Application run failed
java.lang.IllegalStateException: Failed to execute CommandLineRunner
	at org.springframework.boot.SpringApplication.callRunner(SpringApplication.java:794)
	at org.springframework.boot.SpringApplication.callRunners(SpringApplication.java:775)
	at org.springframework.boot.SpringApplication.run(SpringApplication.java:345)
	at org.springframework.boot.SpringApplication.run(SpringApplication.java:1343)
	at org.springframework.boot.SpringApplication.run(SpringApplication.java:1332)
	at com.microservices.twitterToKafka.TwitterToKafkaServiceApplication.main(TwitterToKafkaServiceApplication.java:41)
Caused by: java.lang.NullPointerException: null
	at com.microservices.twitterToKafka.TwitterToKafkaServiceApplication.run(TwitterToKafkaServiceApplication.java:47)
	at org.springframework.boot.SpringApplication.callRunner(SpringApplication.java:791)
	... 5 common frames omitted
2021-09-30 02:01:27 [main] INFO  c.m.t.TwitterToKafkaServiceApplication - Starting TwitterToKafkaServiceApplication using Java 11.0.12 on Mhamads-MacBook-Pro.local with PID 38361 (/Users/mhamadelitawi/IdeaProjects/microservices/twitter-to-kafka-service/target/classes started by mhamadelitawi in /Users/mhamadelitawi/IdeaProjects/microservices)
2021-09-30 02:01:27 [main] INFO  c.m.t.TwitterToKafkaServiceApplication - No active profile set, falling back to default profiles: default
2021-09-30 02:01:28 [main] INFO  c.m.t.TwitterToKafkaServiceApplication - Started TwitterToKafkaServiceApplication in 5.872 seconds (JVM running for 6.529)
2021-09-30 02:01:28 [main] INFO  c.m.t.TwitterToKafkaServiceApplication - App starts...
2021-09-30 02:04:48 [main] INFO  o.s.b.a.l.ConditionEvaluationReportLoggingListener - 

Error starting ApplicationContext. To display the conditions report re-run your application with 'debug' enabled.
2021-09-30 02:04:48 [main] ERROR o.s.boot.SpringApplication - Application run failed
java.lang.IllegalStateException: Failed to execute CommandLineRunner
	at org.springframework.boot.SpringApplication.callRunner(SpringApplication.java:794)
	at org.springframework.boot.SpringApplication.callRunners(SpringApplication.java:775)
	at org.springframework.boot.SpringApplication.run(SpringApplication.java:345)
	at org.springframework.boot.SpringApplication.run(SpringApplication.java:1343)
	at org.springframework.boot.SpringApplication.run(SpringApplication.java:1332)
	at com.microservices.twitterToKafka.TwitterToKafkaServiceApplication.main(TwitterToKafkaServiceApplication.java:41)
Caused by: java.lang.NullPointerException: null
	at com.microservices.twitterToKafka.TwitterToKafkaServiceApplication.run(TwitterToKafkaServiceApplication.java:47)
	at org.springframework.boot.SpringApplication.callRunner(SpringApplication.java:791)
	... 5 common frames omitted
2021-09-30 02:05:03 [main] INFO  c.m.t.TwitterToKafkaServiceApplication - Starting TwitterToKafkaServiceApplication using Java 11.0.12 on Mhamads-MacBook-Pro.local with PID 38403 (/Users/mhamadelitawi/IdeaProjects/microservices/twitter-to-kafka-service/target/classes started by mhamadelitawi in /Users/mhamadelitawi/IdeaProjects/microservices)
2021-09-30 02:05:03 [main] INFO  c.m.t.TwitterToKafkaServiceApplication - No active profile set, falling back to default profiles: default
2021-09-30 02:05:16 [main] INFO  c.m.t.TwitterToKafkaServiceApplication - Started TwitterToKafkaServiceApplication in 18.454 seconds (JVM running for 19.12)
2021-09-30 02:05:16 [main] INFO  c.m.t.TwitterToKafkaServiceApplication - App starts...
2021-09-30 02:05:32 [main] INFO  o.s.b.a.l.ConditionEvaluationReportLoggingListener - 

Error starting ApplicationContext. To display the conditions report re-run your application with 'debug' enabled.
2021-09-30 02:05:32 [main] ERROR o.s.boot.SpringApplication - Application run failed
java.lang.IllegalStateException: Failed to execute CommandLineRunner
	at org.springframework.boot.SpringApplication.callRunner(SpringApplication.java:794)
	at org.springframework.boot.SpringApplication.callRunners(SpringApplication.java:775)
	at org.springframework.boot.SpringApplication.run(SpringApplication.java:345)
	at org.springframework.boot.SpringApplication.run(SpringApplication.java:1343)
	at org.springframework.boot.SpringApplication.run(SpringApplication.java:1332)
	at com.microservices.twitterToKafka.TwitterToKafkaServiceApplication.main(TwitterToKafkaServiceApplication.java:41)
Caused by: java.lang.NullPointerException: null
	at com.microservices.twitterToKafka.TwitterToKafkaServiceApplication.run(TwitterToKafkaServiceApplication.java:47)
	at org.springframework.boot.SpringApplication.callRunner(SpringApplication.java:791)
	... 5 common frames omitted
2021-09-30 02:10:37 [main] INFO  c.m.t.TwitterToKafkaServiceApplication - Starting TwitterToKafkaServiceApplication using Java 11.0.12 on Mhamads-MacBook-Pro.local with PID 38434 (/Users/mhamadelitawi/IdeaProjects/microservices/twitter-to-kafka-service/target/classes started by mhamadelitawi in /Users/mhamadelitawi/IdeaProjects/microservices)
2021-09-30 02:10:37 [main] INFO  c.m.t.TwitterToKafkaServiceApplication - No active profile set, falling back to default profiles: default
2021-09-30 02:10:38 [main] INFO  c.m.t.TwitterToKafkaServiceApplication - Started TwitterToKafkaServiceApplication in 5.851 seconds (JVM running for 6.378)
2021-09-30 02:10:38 [main] INFO  c.m.t.TwitterToKafkaServiceApplication - App starts...
2021-09-30 02:10:38 [main] INFO  o.s.b.a.l.ConditionEvaluationReportLoggingListener - 

Error starting ApplicationContext. To display the conditions report re-run your application with 'debug' enabled.
2021-09-30 02:10:38 [main] ERROR o.s.boot.SpringApplication - Application run failed
java.lang.IllegalStateException: Failed to execute CommandLineRunner
	at org.springframework.boot.SpringApplication.callRunner(SpringApplication.java:794)
	at org.springframework.boot.SpringApplication.callRunners(SpringApplication.java:775)
	at org.springframework.boot.SpringApplication.run(SpringApplication.java:345)
	at org.springframework.boot.SpringApplication.run(SpringApplication.java:1343)
	at org.springframework.boot.SpringApplication.run(SpringApplication.java:1332)
	at com.microservices.twitterToKafka.TwitterToKafkaServiceApplication.main(TwitterToKafkaServiceApplication.java:41)
Caused by: java.lang.NullPointerException: null
	at com.microservices.twitterToKafka.TwitterToKafkaServiceApplication.run(TwitterToKafkaServiceApplication.java:47)
	at org.springframework.boot.SpringApplication.callRunner(SpringApplication.java:791)
	... 5 common frames omitted
2021-09-30 02:11:35 [main] INFO  c.m.t.TwitterToKafkaServiceApplication - Starting TwitterToKafkaServiceApplication using Java 11.0.12 on Mhamads-MacBook-Pro.local with PID 38450 (/Users/mhamadelitawi/IdeaProjects/microservices/twitter-to-kafka-service/target/classes started by mhamadelitawi in /Users/mhamadelitawi/IdeaProjects/microservices)
2021-09-30 02:11:35 [main] INFO  c.m.t.TwitterToKafkaServiceApplication - No active profile set, falling back to default profiles: default
2021-09-30 02:12:41 [main] INFO  c.m.t.TwitterToKafkaServiceApplication - Starting TwitterToKafkaServiceApplication using Java 11.0.12 on Mhamads-MacBook-Pro.local with PID 38468 (/Users/mhamadelitawi/IdeaProjects/microservices/twitter-to-kafka-service/target/classes started by mhamadelitawi in /Users/mhamadelitawi/IdeaProjects/microservices)
2021-09-30 02:12:41 [main] INFO  c.m.t.TwitterToKafkaServiceApplication - No active profile set, falling back to default profiles: default
2021-09-30 02:13:05 [main] INFO  c.m.t.TwitterToKafkaServiceApplication - Started TwitterToKafkaServiceApplication in 24.522 seconds (JVM running for 30.318)
2021-09-30 02:13:05 [main] INFO  c.m.t.TwitterToKafkaServiceApplication - App starts...
2021-09-30 02:13:09 [main] INFO  o.s.b.a.l.ConditionEvaluationReportLoggingListener - 

Error starting ApplicationContext. To display the conditions report re-run your application with 'debug' enabled.
2021-09-30 02:13:09 [main] ERROR o.s.boot.SpringApplication - Application run failed
java.lang.IllegalStateException: Failed to execute CommandLineRunner
	at org.springframework.boot.SpringApplication.callRunner(SpringApplication.java:794)
	at org.springframework.boot.SpringApplication.callRunners(SpringApplication.java:775)
	at org.springframework.boot.SpringApplication.run(SpringApplication.java:345)
	at org.springframework.boot.SpringApplication.run(SpringApplication.java:1343)
	at org.springframework.boot.SpringApplication.run(SpringApplication.java:1332)
	at com.microservices.twitterToKafka.TwitterToKafkaServiceApplication.main(TwitterToKafkaServiceApplication.java:41)
Caused by: java.lang.NullPointerException: null
	at com.microservices.twitterToKafka.TwitterToKafkaServiceApplication.run(TwitterToKafkaServiceApplication.java:47)
	at org.springframework.boot.SpringApplication.callRunner(SpringApplication.java:791)
	... 5 common frames omitted
2021-09-30 02:13:35 [main] INFO  c.m.t.TwitterToKafkaServiceApplication - Starting TwitterToKafkaServiceApplication using Java 11.0.12 on Mhamads-MacBook-Pro.local with PID 38474 (/Users/mhamadelitawi/IdeaProjects/microservices/twitter-to-kafka-service/target/classes started by mhamadelitawi in /Users/mhamadelitawi/IdeaProjects/microservices)
2021-09-30 02:13:35 [main] INFO  c.m.t.TwitterToKafkaServiceApplication - No active profile set, falling back to default profiles: default
2021-09-30 02:13:40 [main] INFO  c.m.t.TwitterToKafkaServiceApplication - Started TwitterToKafkaServiceApplication in 4.546 seconds (JVM running for 10.295)
2021-09-30 02:13:40 [main] INFO  c.m.t.TwitterToKafkaServiceApplication - App starts...
2021-09-30 02:13:40 [main] INFO  o.s.b.a.l.ConditionEvaluationReportLoggingListener - 

Error starting ApplicationContext. To display the conditions report re-run your application with 'debug' enabled.
2021-09-30 02:13:40 [main] ERROR o.s.boot.SpringApplication - Application run failed
java.lang.IllegalStateException: Failed to execute CommandLineRunner
	at org.springframework.boot.SpringApplication.callRunner(SpringApplication.java:794)
	at org.springframework.boot.SpringApplication.callRunners(SpringApplication.java:775)
	at org.springframework.boot.SpringApplication.run(SpringApplication.java:345)
	at org.springframework.boot.SpringApplication.run(SpringApplication.java:1343)
	at org.springframework.boot.SpringApplication.run(SpringApplication.java:1332)
	at com.microservices.twitterToKafka.TwitterToKafkaServiceApplication.main(TwitterToKafkaServiceApplication.java:41)
Caused by: java.lang.NullPointerException: null
	at com.microservices.twitterToKafka.runner.impl.TwitterKafkaStreamRunner.addFilter(TwitterKafkaStreamRunner.java:52)
	at com.microservices.twitterToKafka.runner.impl.TwitterKafkaStreamRunner.start(TwitterKafkaStreamRunner.java:40)
	at com.microservices.twitterToKafka.TwitterToKafkaServiceApplication.run(TwitterToKafkaServiceApplication.java:49)
	at org.springframework.boot.SpringApplication.callRunner(SpringApplication.java:791)
	... 5 common frames omitted
2021-09-30 02:13:40 [main] INFO  c.m.t.r.i.TwitterKafkaStreamRunner - Closing twitter stream!
2021-09-30 02:14:21 [main] INFO  c.m.t.TwitterToKafkaServiceApplication - Starting TwitterToKafkaServiceApplication using Java 11.0.12 on Mhamads-MacBook-Pro.local with PID 38481 (/Users/mhamadelitawi/IdeaProjects/microservices/twitter-to-kafka-service/target/classes started by mhamadelitawi in /Users/mhamadelitawi/IdeaProjects/microservices)
2021-09-30 02:14:21 [main] INFO  c.m.t.TwitterToKafkaServiceApplication - No active profile set, falling back to default profiles: default
2021-09-30 02:14:27 [main] INFO  c.m.t.TwitterToKafkaServiceApplication - Started TwitterToKafkaServiceApplication in 6.455 seconds (JVM running for 12.215)
2021-09-30 02:14:27 [main] INFO  c.m.t.TwitterToKafkaServiceApplication - App starts...
2021-09-30 02:14:28 [main] INFO  o.s.b.a.l.ConditionEvaluationReportLoggingListener - 

Error starting ApplicationContext. To display the conditions report re-run your application with 'debug' enabled.
2021-09-30 02:14:28 [main] ERROR o.s.boot.SpringApplication - Application run failed
java.lang.IllegalStateException: Failed to execute CommandLineRunner
	at org.springframework.boot.SpringApplication.callRunner(SpringApplication.java:794)
	at org.springframework.boot.SpringApplication.callRunners(SpringApplication.java:775)
	at org.springframework.boot.SpringApplication.run(SpringApplication.java:345)
	at org.springframework.boot.SpringApplication.run(SpringApplication.java:1343)
	at org.springframework.boot.SpringApplication.run(SpringApplication.java:1332)
	at com.microservices.twitterToKafka.TwitterToKafkaServiceApplication.main(TwitterToKafkaServiceApplication.java:41)
Caused by: java.lang.NullPointerException: null
	at com.microservices.twitterToKafka.TwitterToKafkaServiceApplication.run(TwitterToKafkaServiceApplication.java:47)
	at org.springframework.boot.SpringApplication.callRunner(SpringApplication.java:791)
	... 5 common frames omitted
2021-09-30 02:15:32 [main] INFO  c.m.t.TwitterToKafkaServiceApplication - Starting TwitterToKafkaServiceApplication using Java 11.0.12 on Mhamads-MacBook-Pro.local with PID 38492 (/Users/mhamadelitawi/IdeaProjects/microservices/twitter-to-kafka-service/target/classes started by mhamadelitawi in /Users/mhamadelitawi/IdeaProjects/microservices)
2021-09-30 02:15:32 [main] INFO  c.m.t.TwitterToKafkaServiceApplication - No active profile set, falling back to default profiles: default
2021-09-30 02:15:32 [main] WARN  o.s.c.a.AnnotationConfigApplicationContext - Exception encountered during context initialization - cancelling refresh attempt: org.springframework.beans.factory.UnsatisfiedDependencyException: Error creating bean with name 'twitterToKafkaServiceApplication': Unsatisfied dependency expressed through constructor parameter 1; nested exception is org.springframework.beans.factory.NoSuchBeanDefinitionException: No qualifying bean of type 'com.microservices.twitterToKafka.runner.StreamRunner' available: expected at least 1 bean which qualifies as autowire candidate. Dependency annotations: {}
2021-09-30 02:15:32 [main] INFO  o.s.b.a.l.ConditionEvaluationReportLoggingListener - 

Error starting ApplicationContext. To display the conditions report re-run your application with 'debug' enabled.
2021-09-30 02:15:32 [main] ERROR o.s.b.d.LoggingFailureAnalysisReporter - 

***************************
APPLICATION FAILED TO START
***************************

Description:

Parameter 1 of constructor in com.microservices.twitterToKafka.TwitterToKafkaServiceApplication required a bean of type 'com.microservices.twitterToKafka.runner.StreamRunner' that could not be found.


Action:

Consider defining a bean of type 'com.microservices.twitterToKafka.runner.StreamRunner' in your configuration.

2021-09-30 02:16:24 [main] INFO  c.m.t.TwitterToKafkaServiceApplication - Starting TwitterToKafkaServiceApplication using Java 11.0.12 on Mhamads-MacBook-Pro.local with PID 38501 (/Users/mhamadelitawi/IdeaProjects/microservices/twitter-to-kafka-service/target/classes started by mhamadelitawi in /Users/mhamadelitawi/IdeaProjects/microservices)
2021-09-30 02:16:24 [main] INFO  c.m.t.TwitterToKafkaServiceApplication - No active profile set, falling back to default profiles: default
2021-09-30 02:16:24 [main] WARN  o.s.c.a.AnnotationConfigApplicationContext - Exception encountered during context initialization - cancelling refresh attempt: org.springframework.beans.factory.UnsatisfiedDependencyException: Error creating bean with name 'twitterToKafkaServiceApplication': Unsatisfied dependency expressed through constructor parameter 1; nested exception is org.springframework.beans.factory.NoSuchBeanDefinitionException: No qualifying bean of type 'com.microservices.twitterToKafka.runner.StreamRunner' available: expected at least 1 bean which qualifies as autowire candidate. Dependency annotations: {}
2021-09-30 02:16:24 [main] INFO  o.s.b.a.l.ConditionEvaluationReportLoggingListener - 

Error starting ApplicationContext. To display the conditions report re-run your application with 'debug' enabled.
2021-09-30 02:16:24 [main] ERROR o.s.b.d.LoggingFailureAnalysisReporter - 

***************************
APPLICATION FAILED TO START
***************************

Description:

Parameter 1 of constructor in com.microservices.twitterToKafka.TwitterToKafkaServiceApplication required a bean of type 'com.microservices.twitterToKafka.runner.StreamRunner' that could not be found.


Action:

Consider defining a bean of type 'com.microservices.twitterToKafka.runner.StreamRunner' in your configuration.

2021-09-30 02:17:01 [main] INFO  c.m.t.TwitterToKafkaServiceApplication - Starting TwitterToKafkaServiceApplication using Java 11.0.12 on Mhamads-MacBook-Pro.local with PID 38509 (/Users/mhamadelitawi/IdeaProjects/microservices/twitter-to-kafka-service/target/classes started by mhamadelitawi in /Users/mhamadelitawi/IdeaProjects/microservices)
2021-09-30 02:17:01 [main] INFO  c.m.t.TwitterToKafkaServiceApplication - No active profile set, falling back to default profiles: default
2021-09-30 02:20:34 [main] INFO  c.m.t.TwitterToKafkaServiceApplication - Starting TwitterToKafkaServiceApplication using Java 11.0.12 on Mhamads-MacBook-Pro.local with PID 38532 (/Users/mhamadelitawi/IdeaProjects/microservices/twitter-to-kafka-service/target/classes started by mhamadelitawi in /Users/mhamadelitawi/IdeaProjects/microservices)
2021-09-30 02:20:34 [main] INFO  c.m.t.TwitterToKafkaServiceApplication - No active profile set, falling back to default profiles: default
2021-09-30 02:22:50 [main] INFO  c.m.t.TwitterToKafkaServiceApplication - Started TwitterToKafkaServiceApplication in 136.565 seconds (JVM running for 142.367)
2021-09-30 02:22:50 [main] INFO  c.m.t.TwitterToKafkaServiceApplication - App starts...
2021-09-30 02:22:51 [main] INFO  o.s.b.a.l.ConditionEvaluationReportLoggingListener - 

Error starting ApplicationContext. To display the conditions report re-run your application with 'debug' enabled.
2021-09-30 02:22:51 [main] ERROR o.s.boot.SpringApplication - Application run failed
java.lang.IllegalStateException: Failed to execute CommandLineRunner
	at org.springframework.boot.SpringApplication.callRunner(SpringApplication.java:794)
	at org.springframework.boot.SpringApplication.callRunners(SpringApplication.java:775)
	at org.springframework.boot.SpringApplication.run(SpringApplication.java:345)
	at org.springframework.boot.SpringApplication.run(SpringApplication.java:1343)
	at org.springframework.boot.SpringApplication.run(SpringApplication.java:1332)
	at com.microservices.twitterToKafka.TwitterToKafkaServiceApplication.main(TwitterToKafkaServiceApplication.java:41)
Caused by: java.lang.NullPointerException: null
	at com.microservices.twitterToKafka.TwitterToKafkaServiceApplication.run(TwitterToKafkaServiceApplication.java:47)
	at org.springframework.boot.SpringApplication.callRunner(SpringApplication.java:791)
	... 5 common frames omitted
2021-09-30 02:27:05 [main] INFO  c.m.t.TwitterToKafkaServiceApplication - Starting TwitterToKafkaServiceApplication using Java 11.0.12 on Mhamads-MacBook-Pro.local with PID 38591 (/Users/mhamadelitawi/IdeaProjects/microservices/twitter-to-kafka-service/target/classes started by mhamadelitawi in /Users/mhamadelitawi/IdeaProjects/microservices)
2021-09-30 02:27:05 [main] INFO  c.m.t.TwitterToKafkaServiceApplication - No active profile set, falling back to default profiles: default
2021-09-30 02:27:57 [main] INFO  c.m.t.TwitterToKafkaServiceApplication - Started TwitterToKafkaServiceApplication in 52.295 seconds (JVM running for 58.087)
2021-09-30 02:28:22 [main] INFO  c.m.t.TwitterToKafkaServiceApplication - Starting TwitterToKafkaServiceApplication using Java 11.0.12 on Mhamads-MacBook-Pro.local with PID 38599 (/Users/mhamadelitawi/IdeaProjects/microservices/twitter-to-kafka-service/target/classes started by mhamadelitawi in /Users/mhamadelitawi/IdeaProjects/microservices)
2021-09-30 02:28:22 [main] INFO  c.m.t.TwitterToKafkaServiceApplication - No active profile set, falling back to default profiles: default
2021-09-30 02:30:11 [main] INFO  c.m.t.TwitterToKafkaServiceApplication - Started TwitterToKafkaServiceApplication in 109.504 seconds (JVM running for 115.33)
2021-09-30 02:31:40 [main] INFO  c.m.t.TwitterToKafkaServiceApplication - Starting TwitterToKafkaServiceApplication using Java 11.0.12 on Mhamads-MacBook-Pro.local with PID 38633 (/Users/mhamadelitawi/IdeaProjects/microservices/twitter-to-kafka-service/target/classes started by mhamadelitawi in /Users/mhamadelitawi/IdeaProjects/microservices)
2021-09-30 02:31:40 [main] INFO  c.m.t.TwitterToKafkaServiceApplication - No active profile set, falling back to default profiles: default
2021-09-30 02:31:40 [main] WARN  o.s.c.a.AnnotationConfigApplicationContext - Exception encountered during context initialization - cancelling refresh attempt: org.springframework.beans.factory.UnsatisfiedDependencyException: Error creating bean with name 'twitterToKafkaServiceApplication': Unsatisfied dependency expressed through constructor parameter 1; nested exception is org.springframework.beans.factory.NoSuchBeanDefinitionException: No qualifying bean of type 'com.microservices.twitterToKafka.runner.StreamRunner' available: expected at least 1 bean which qualifies as autowire candidate. Dependency annotations: {}
2021-09-30 02:31:40 [main] INFO  o.s.b.a.l.ConditionEvaluationReportLoggingListener - 

Error starting ApplicationContext. To display the conditions report re-run your application with 'debug' enabled.
2021-09-30 02:31:40 [main] ERROR o.s.b.d.LoggingFailureAnalysisReporter - 

***************************
APPLICATION FAILED TO START
***************************

Description:

Parameter 1 of constructor in com.microservices.twitterToKafka.TwitterToKafkaServiceApplication required a bean of type 'com.microservices.twitterToKafka.runner.StreamRunner' that could not be found.


Action:

Consider defining a bean of type 'com.microservices.twitterToKafka.runner.StreamRunner' in your configuration.

2021-09-30 02:34:05 [main] INFO  c.m.t.TwitterToKafkaServiceApplication - Starting TwitterToKafkaServiceApplication using Java 11.0.12 on Mhamads-MacBook-Pro.local with PID 38678 (/Users/mhamadelitawi/IdeaProjects/microservices/twitter-to-kafka-service/target/classes started by mhamadelitawi in /Users/mhamadelitawi/IdeaProjects/microservices)
2021-09-30 02:34:05 [main] INFO  c.m.t.TwitterToKafkaServiceApplication - No active profile set, falling back to default profiles: default
2021-09-30 02:34:06 [main] WARN  o.s.c.a.AnnotationConfigApplicationContext - Exception encountered during context initialization - cancelling refresh attempt: org.springframework.beans.factory.UnsatisfiedDependencyException: Error creating bean with name 'twitterToKafkaServiceApplication': Unsatisfied dependency expressed through constructor parameter 1; nested exception is org.springframework.beans.factory.NoSuchBeanDefinitionException: No qualifying bean of type 'com.microservices.twitterToKafka.runner.StreamRunner' available: expected at least 1 bean which qualifies as autowire candidate. Dependency annotations: {}
2021-09-30 02:34:06 [main] INFO  o.s.b.a.l.ConditionEvaluationReportLoggingListener - 

Error starting ApplicationContext. To display the conditions report re-run your application with 'debug' enabled.
2021-09-30 02:34:06 [main] ERROR o.s.b.d.LoggingFailureAnalysisReporter - 

***************************
APPLICATION FAILED TO START
***************************

Description:

Parameter 1 of constructor in com.microservices.twitterToKafka.TwitterToKafkaServiceApplication required a bean of type 'com.microservices.twitterToKafka.runner.StreamRunner' that could not be found.


Action:

Consider defining a bean of type 'com.microservices.twitterToKafka.runner.StreamRunner' in your configuration.

2021-09-30 02:37:03 [main] INFO  c.m.t.TwitterToKafkaServiceApplication - Starting TwitterToKafkaServiceApplication using Java 11.0.12 on Mhamads-MacBook-Pro.local with PID 38689 (/Users/mhamadelitawi/IdeaProjects/microservices/twitter-to-kafka-service/target/classes started by mhamadelitawi in /Users/mhamadelitawi/IdeaProjects/microservices)
2021-09-30 02:37:03 [main] INFO  c.m.t.TwitterToKafkaServiceApplication - No active profile set, falling back to default profiles: default
2021-09-30 02:37:04 [main] WARN  o.s.c.a.AnnotationConfigApplicationContext - Exception encountered during context initialization - cancelling refresh attempt: org.springframework.beans.factory.UnsatisfiedDependencyException: Error creating bean with name 'twitterToKafkaServiceApplication': Unsatisfied dependency expressed through constructor parameter 1; nested exception is org.springframework.beans.factory.NoSuchBeanDefinitionException: No qualifying bean of type 'com.microservices.twitterToKafka.runner.StreamRunner' available: expected at least 1 bean which qualifies as autowire candidate. Dependency annotations: {}
2021-09-30 02:37:04 [main] INFO  o.s.b.a.l.ConditionEvaluationReportLoggingListener - 

Error starting ApplicationContext. To display the conditions report re-run your application with 'debug' enabled.
2021-09-30 02:37:04 [main] ERROR o.s.b.d.LoggingFailureAnalysisReporter - 

***************************
APPLICATION FAILED TO START
***************************

Description:

Parameter 1 of constructor in com.microservices.twitterToKafka.TwitterToKafkaServiceApplication required a bean of type 'com.microservices.twitterToKafka.runner.StreamRunner' that could not be found.


Action:

Consider defining a bean of type 'com.microservices.twitterToKafka.runner.StreamRunner' in your configuration.

2021-09-30 02:41:45 [main] INFO  c.m.t.TwitterToKafkaServiceApplication - Starting TwitterToKafkaServiceApplication using Java 11.0.12 on Mhamads-MacBook-Pro.local with PID 38731 (/Users/mhamadelitawi/IdeaProjects/microservices/twitter-to-kafka-service/target/classes started by mhamadelitawi in /Users/mhamadelitawi/IdeaProjects/microservices)
2021-09-30 02:41:45 [main] INFO  c.m.t.TwitterToKafkaServiceApplication - No active profile set, falling back to default profiles: default
2021-09-30 02:41:46 [main] INFO  c.m.t.TwitterToKafkaServiceApplication - Started TwitterToKafkaServiceApplication in 0.663 seconds (JVM running for 6.412)
2021-09-30 02:41:46 [main] INFO  c.m.t.TwitterToKafkaServiceApplication - App starts...
2021-09-30 02:41:50 [main] INFO  o.s.b.a.l.ConditionEvaluationReportLoggingListener - 

Error starting ApplicationContext. To display the conditions report re-run your application with 'debug' enabled.
2021-09-30 02:41:50 [main] ERROR o.s.boot.SpringApplication - Application run failed
java.lang.IllegalStateException: Failed to execute CommandLineRunner
	at org.springframework.boot.SpringApplication.callRunner(SpringApplication.java:794)
	at org.springframework.boot.SpringApplication.callRunners(SpringApplication.java:775)
	at org.springframework.boot.SpringApplication.run(SpringApplication.java:345)
	at org.springframework.boot.SpringApplication.run(SpringApplication.java:1343)
	at org.springframework.boot.SpringApplication.run(SpringApplication.java:1332)
	at com.microservices.twitterToKafka.TwitterToKafkaServiceApplication.main(TwitterToKafkaServiceApplication.java:31)
Caused by: java.lang.NullPointerException: null
	at com.microservices.twitterToKafka.TwitterToKafkaServiceApplication.run(TwitterToKafkaServiceApplication.java:37)
	at org.springframework.boot.SpringApplication.callRunner(SpringApplication.java:791)
	... 5 common frames omitted
2021-09-30 02:43:17 [main] INFO  c.m.t.TwitterToKafkaServiceApplication - Starting TwitterToKafkaServiceApplication using Java 11.0.12 on Mhamads-MacBook-Pro.local with PID 38749 (/Users/mhamadelitawi/IdeaProjects/microservices/twitter-to-kafka-service/target/classes started by mhamadelitawi in /Users/mhamadelitawi/IdeaProjects/microservices)
2021-09-30 02:43:17 [main] INFO  c.m.t.TwitterToKafkaServiceApplication - No active profile set, falling back to default profiles: default
2021-09-30 02:43:18 [main] INFO  c.m.t.TwitterToKafkaServiceApplication - Started TwitterToKafkaServiceApplication in 0.683 seconds (JVM running for 6.455)
2021-09-30 02:43:18 [main] INFO  c.m.t.TwitterToKafkaServiceApplication - App starts...
2021-09-30 02:51:03 [main] INFO  c.m.t.TwitterToKafkaServiceApplication - [Java, Microservices, Kafka, Elasticsearch]
2021-09-30 02:51:03 [main] INFO  c.m.t.TwitterToKafkaServiceApplication - Hello microservices!
2021-09-30 02:51:03 [main] INFO  c.m.t.r.impl.MockKafkaStreamRunner - Starting mock filtering twitter streams for keywords [Java, Microservices, Kafka, Elasticsearch]
2021-09-30 02:51:42 [main] INFO  c.m.t.TwitterToKafkaServiceApplication - Starting TwitterToKafkaServiceApplication using Java 11.0.12 on Mhamads-MacBook-Pro.local with PID 38793 (/Users/mhamadelitawi/IdeaProjects/microservices/twitter-to-kafka-service/target/classes started by mhamadelitawi in /Users/mhamadelitawi/IdeaProjects/microservices)
2021-09-30 02:51:42 [main] INFO  c.m.t.TwitterToKafkaServiceApplication - No active profile set, falling back to default profiles: default
2021-09-30 02:51:42 [main] INFO  c.m.t.TwitterToKafkaServiceApplication - Started TwitterToKafkaServiceApplication in 0.659 seconds (JVM running for 6.306)
2021-09-30 02:51:42 [main] INFO  c.m.t.TwitterToKafkaServiceApplication - App starts...
2021-09-30 02:51:42 [main] INFO  c.m.t.TwitterToKafkaServiceApplication - [Java, Microservices, Kafka, Elasticsearch]
2021-09-30 02:51:42 [main] INFO  c.m.t.TwitterToKafkaServiceApplication - Hello microservices!
2021-09-30 02:51:42 [main] INFO  c.m.t.r.impl.MockKafkaStreamRunner - Starting mock filtering twitter streams for keywords [Java, Microservices, Kafka, Elasticsearch]
2021-09-30 02:51:42 [pool-1-thread-1] INFO  c.m.t.l.TwitterKafkaStatusListener - Twitter status with text Fusce dolor malesuada ultricies Microservices dolor purus purus
2021-09-30 02:51:52 [pool-1-thread-1] INFO  c.m.t.l.TwitterKafkaStatusListener - Twitter status with text amet Fusce ipsum adipiscing posuere sed Elasticsearch amet ultricies ultricies sit
2021-09-30 02:52:02 [pool-1-thread-1] INFO  c.m.t.l.TwitterKafkaStatusListener - Twitter status with text porttitor Lorem Maecenas adipiscing Elasticsearch lectus elit purus
2021-09-30 02:52:12 [pool-1-thread-1] INFO  c.m.t.l.TwitterKafkaStatusListener - Twitter status with text posuere sit Fusce elit malesuada Elasticsearch porttitor purus consectetuer
2021-09-30 02:52:22 [pool-1-thread-1] INFO  c.m.t.l.TwitterKafkaStatusListener - Twitter status with text magna Maecenas lectus elit sed Elasticsearch congue sed sed
2021-09-30 02:52:32 [pool-1-thread-1] INFO  c.m.t.l.TwitterKafkaStatusListener - Twitter status with text congue posuere pulvinar pulvinar Kafka adipiscing elit
2021-09-30 02:53:06 [main] INFO  c.m.t.TwitterToKafkaServiceApplication - Starting TwitterToKafkaServiceApplication using Java 11.0.12 on Mhamads-MacBook-Pro.local with PID 38808 (/Users/mhamadelitawi/IdeaProjects/microservices/twitter-to-kafka-service/target/classes started by mhamadelitawi in /Users/mhamadelitawi/IdeaProjects/microservices)
2021-09-30 02:53:07 [main] INFO  c.m.t.TwitterToKafkaServiceApplication - No active profile set, falling back to default profiles: default
2021-09-30 02:53:07 [main] INFO  c.m.t.TwitterToKafkaServiceApplication - Started TwitterToKafkaServiceApplication in 0.667 seconds (JVM running for 6.453)
2021-09-30 02:53:07 [main] INFO  c.m.t.TwitterToKafkaServiceApplication - App starts...
2021-09-30 02:53:11 [main] INFO  c.m.t.TwitterToKafkaServiceApplication - [Java, Microservices, Kafka, Elasticsearch]
2021-09-30 02:53:11 [main] INFO  c.m.t.TwitterToKafkaServiceApplication - Hello microservices!
2021-09-30 02:53:11 [main] INFO  c.m.t.r.impl.MockKafkaStreamRunner - Starting mock filtering twitter streams for keywords [Java, Microservices, Kafka, Elasticsearch]
2021-09-30 02:53:11 [pool-1-thread-1] INFO  c.m.t.l.TwitterKafkaStatusListener - Twitter status with text malesuada pulvinar massa Elasticsearch amet ultricies
2021-09-30 02:53:21 [pool-1-thread-1] INFO  c.m.t.l.TwitterKafkaStatusListener - Twitter status with text Maecenas amet ipsum Maecenas Fusce Java lectus ipsum adipiscing ipsum
2021-09-30 14:02:26 [main] INFO  c.m.t.TwitterToKafkaServiceApplication - Starting TwitterToKafkaServiceApplication using Java 11.0.12 on Mhamads-MacBook-Pro.local with PID 40452 (/Users/mhamadelitawi/IdeaProjects/microservices/twitter-to-kafka-service/target/classes started by mhamadelitawi in /Users/mhamadelitawi/IdeaProjects/microservices)
2021-09-30 14:02:26 [main] INFO  c.m.t.TwitterToKafkaServiceApplication - No active profile set, falling back to default profiles: default
2021-09-30 14:02:27 [main] INFO  c.m.t.TwitterToKafkaServiceApplication - Started TwitterToKafkaServiceApplication in 0.805 seconds (JVM running for 6.615)
2021-09-30 14:02:27 [main] INFO  c.m.t.TwitterToKafkaServiceApplication - App starts...
2021-09-30 14:02:27 [main] INFO  c.m.t.TwitterToKafkaServiceApplication - [Java, Microservices, Kafka, Elasticsearch]
2021-09-30 14:02:27 [main] INFO  c.m.t.TwitterToKafkaServiceApplication - Hello microservices!
2021-09-30 14:02:27 [main] INFO  c.m.t.r.impl.MockKafkaStreamRunner - Starting mock filtering twitter streams for keywords [Java, Microservices, Kafka, Elasticsearch]
2021-09-30 14:02:27 [pool-1-thread-1] INFO  c.m.t.l.TwitterKafkaStatusListener - Twitter status with text Maecenas ipsum malesuada congue posuere Kafka elit magna amet
2021-09-30 14:02:37 [pool-1-thread-1] INFO  c.m.t.l.TwitterKafkaStatusListener - Twitter status with text posuere malesuada Lorem massa sed sed Elasticsearch massa adipiscing Fusce ultricies
2021-09-30 17:36:34 [main] INFO  c.m.t.TwitterToKafkaServiceApplication - Starting TwitterToKafkaServiceApplication using Java 11.0.12 on Mhamads-MacBook-Pro.local with PID 41838 (/Users/mhamadelitawi/IdeaProjects/microservices/twitter-to-kafka-service/target/classes started by mhamadelitawi in /Users/mhamadelitawi/IdeaProjects/microservices)
2021-09-30 17:36:34 [main] INFO  c.m.t.TwitterToKafkaServiceApplication - No active profile set, falling back to default profiles: default
2021-09-30 17:36:35 [main] INFO  c.m.t.TwitterToKafkaServiceApplication - Started TwitterToKafkaServiceApplication in 0.835 seconds (JVM running for 6.594)
2021-09-30 17:36:35 [main] INFO  c.m.t.TwitterToKafkaServiceApplication - App starts...
2021-09-30 17:36:35 [main] INFO  c.m.t.TwitterToKafkaServiceApplication - [Java, Microservices, Kafka, Elasticsearch]
2021-09-30 17:36:35 [main] INFO  c.m.t.TwitterToKafkaServiceApplication - Hello microservices!
2021-09-30 17:36:35 [main] INFO  c.m.t.r.impl.MockKafkaStreamRunner - Starting mock filtering twitter streams for keywords [Java, Microservices, Kafka, Elasticsearch]
2021-09-30 17:36:35 [pool-1-thread-1] INFO  c.m.t.l.TwitterKafkaStatusListener - Twitter status with text lectus adipiscing consectetuer lectus Java Fusce pulvinar
2021-09-30 17:36:45 [pool-1-thread-1] INFO  c.m.t.l.TwitterKafkaStatusListener - Twitter status with text pulvinar dolor posuere congue elit Elasticsearch ultricies malesuada pulvinar massa
2021-09-30 23:09:54 [main] INFO  c.m.t.TwitterToKafkaServiceApplication - Starting TwitterToKafkaServiceApplication using Java 11.0.12 on Mhamads-MacBook-Pro.local with PID 44151 (/Users/mhamadelitawi/IdeaProjects/microservices/twitter-to-kafka-service/target/classes started by mhamadelitawi in /Users/mhamadelitawi/IdeaProjects/microservices)
2021-09-30 23:09:54 [main] INFO  c.m.t.TwitterToKafkaServiceApplication - No active profile set, falling back to default profiles: default
2021-09-30 23:09:54 [main] INFO  c.m.t.TwitterToKafkaServiceApplication - Started TwitterToKafkaServiceApplication in 0.642 seconds (JVM running for 6.358)
2021-09-30 23:09:54 [main] INFO  c.m.t.TwitterToKafkaServiceApplication - App starts...
2021-09-30 23:09:55 [main] INFO  c.m.t.TwitterToKafkaServiceApplication - [Java, Microservices, Kafka, Elasticsearch]
2021-09-30 23:09:55 [main] INFO  c.m.t.TwitterToKafkaServiceApplication - Hello microservices!
2021-09-30 23:09:55 [main] INFO  c.m.t.r.impl.MockKafkaStreamRunner - Starting mock filtering twitter streams for keywords [Java, Microservices, Kafka, Elasticsearch]
2021-09-30 23:09:55 [pool-1-thread-1] INFO  c.m.t.l.TwitterKafkaStatusListener - Twitter status with text Lorem magna purus adipiscing libero ultricies posuere amet Elasticsearch magna lectus massa lectus purus sed
2021-09-30 23:10:05 [pool-1-thread-1] INFO  c.m.t.l.TwitterKafkaStatusListener - Twitter status with text ipsum malesuada massa Fusce purus massa Microservices sed lectus ultricies ipsum
2021-09-30 23:30:24 [main] INFO  c.m.t.TwitterToKafkaServiceApplication - Starting TwitterToKafkaServiceApplication using Java 11.0.12 on Mhamads-MacBook-Pro.local with PID 44423 (/Users/mhamadelitawi/IdeaProjects/microservices/twitter-to-kafka-service/target/classes started by mhamadelitawi in /Users/mhamadelitawi/IdeaProjects/microservices)
2021-09-30 23:30:24 [main] INFO  c.m.t.TwitterToKafkaServiceApplication - No active profile set, falling back to default profiles: default
2021-09-30 23:30:25 [main] INFO  c.m.t.TwitterToKafkaServiceApplication - Started TwitterToKafkaServiceApplication in 0.79 seconds (JVM running for 6.596)
2021-09-30 23:30:25 [main] INFO  c.m.t.TwitterToKafkaServiceApplication - App starts...
2021-09-30 23:30:25 [main] INFO  c.m.t.TwitterToKafkaServiceApplication - [Java, Microservices, Kafka, Elasticsearch]
2021-09-30 23:30:25 [main] INFO  c.m.t.TwitterToKafkaServiceApplication - Hello microservices!
2021-09-30 23:30:25 [main] INFO  c.m.t.r.impl.MockKafkaStreamRunner - Starting mock filtering twitter streams for keywords [Java, Microservices, Kafka, Elasticsearch]
2021-09-30 23:30:25 [pool-1-thread-1] INFO  c.m.t.l.TwitterKafkaStatusListener - Twitter status with text sit lectus dolor dolor libero Lorem Microservices adipiscing elit Fusce posuere
2021-09-30 23:30:35 [pool-1-thread-1] INFO  c.m.t.l.TwitterKafkaStatusListener - Twitter status with text Lorem ipsum amet Kafka Lorem magna
